<?xml version="1.0" encoding="UTF-8"?>
<!-- Generated by org.testng.reporters.JUnitXMLReporter -->
<testsuite ignored="2" hostname="TYSS-Basavaraj" failures="0" tests="1" name="Test" time="60.64" errors="0" timestamp="2024-05-15T18:48:46 IST">
  <testcase classname="com.comcast.crm.orgtest.CreateOrgTest" name="createOrg" time="38.173"/>
  <testcase classname="com.comcast.crm.orgtest.CreateOrgTest" name="createOrgWithPhoneNumber" time="0.0">
    <ignored/>
  </testcase> <!-- createOrgWithPhoneNumber -->
  <testcase classname="com.comcast.crm.orgtest.CreateOrgTest" name="createOrgWithIndustryAndType" time="0.0">
    <ignored/>
  </testcase> <!-- createOrgWithIndustryAndType -->
</testsuite> <!-- Test -->
