<?xml version="1.0" encoding="UTF-8"?>
<!-- Generated by org.testng.reporters.JUnitXMLReporter -->
<testsuite ignored="0" hostname="TYSS-Basavaraj" failures="0" tests="3" name="Test-1" time="85.342" errors="0" timestamp="2024-05-16T12:25:25 IST">
  <testcase classname="com.comcast.crm.orgtest.CreateOrgTest" name="createOrg" time="19.741"/>
  <testcase classname="com.comcast.crm.orgtest.CreateOrgTest" name="createOrgWithIndustryAndType" time="18.579"/>
  <testcase classname="com.comcast.crm.orgtest.CreateOrgTest" name="createOrgWithPhoneNumber" time="18.361"/>
</testsuite> <!-- Test-1 -->
