<?xml version="1.0" encoding="UTF-8"?>
<!-- Generated by org.testng.reporters.JUnitXMLReporter -->
<testsuite ignored="0" hostname="TYSS-Basavaraj" failures="0" tests="3" name="Test-2" time="98.833" errors="0" timestamp="2024-05-16T12:25:38 IST">
  <testcase classname="com.comcast.crm.contacttest.CreateContactTest" name="createContact" time="19.771"/>
  <testcase classname="com.comcast.crm.contacttest.CreateContactTest" name="createContactWithDate" time="17.159"/>
  <testcase classname="com.comcast.crm.contacttest.CreateContactTest" name="createContactWithOrg" time="33.463"/>
</testsuite> <!-- Test-2 -->
