<?xml version="1.0" encoding="UTF-8"?>
<!-- Generated by org.testng.reporters.JUnitXMLReporter -->
<testsuite ignored="6" hostname="TYSS-Basavaraj" failures="0" tests="2" name="TestRunner --&gt; Chrome" time="72.903" errors="0" timestamp="2024-05-13T13:01:19 IST">
  <testcase classname="com.comcast.crm.contacttest.CreateContactTest" name="createContact" time="25.972"/>
  <testcase classname="com.comcast.crm.orgtest.CreateOrgTest" name="createOrg" time="22.83"/>
  <testcase classname="com.comcast.crm.basetest.BaseClass" name="@AfterSuite congigAS" time="0.0">
    <ignored/>
  </testcase> <!-- @AfterSuite congigAS -->
  <testcase classname="com.comcast.crm.basetest.BaseClass" name="@BeforeSuite configBS" time="0.0">
    <ignored/>
  </testcase> <!-- @BeforeSuite configBS -->
  <testcase classname="com.comcast.crm.orgtest.CreateOrgTest" name="createOrgWithPhoneNumber" time="0.0">
    <ignored/>
  </testcase> <!-- createOrgWithPhoneNumber -->
  <testcase classname="com.comcast.crm.contacttest.CreateContactTest" name="createContactWithOrg" time="0.0">
    <ignored/>
  </testcase> <!-- createContactWithOrg -->
  <testcase classname="com.comcast.crm.orgtest.CreateOrgTest" name="createOrgWithIndustryAndType" time="0.0">
    <ignored/>
  </testcase> <!-- createOrgWithIndustryAndType -->
  <testcase classname="com.comcast.crm.contacttest.CreateContactTest" name="createContactWithDate" time="0.0">
    <ignored/>
  </testcase> <!-- createContactWithDate -->
</testsuite> <!-- TestRunner -> Chrome -->
