<?xml version="1.0" encoding="UTF-8"?>
<!-- Generated by org.testng.reporters.JUnitReportReporter -->
<testsuite hostname="TYSS-Basavaraj" failures="0" tests="3" name="practice.test.DPOtherClassTest" time="0.021" errors="0" timestamp="2024-05-17T18:55:29 IST" skipped="0">
  <testcase classname="practice.test.DPOtherClassTest" name="dpTest" time="0.016"/>
  <testcase classname="practice.test.DPOtherClassTest" name="dpTest" time="0.003"/>
  <testcase classname="practice.test.DPOtherClassTest" name="dpTest" time="0.002"/>
</testsuite> <!-- practice.test.DPOtherClassTest -->
