<?xml version="1.0" encoding="UTF-8"?>
<!-- Generated by org.testng.reporters.JUnitReportReporter -->
<testsuite hostname="TYSS-Basavaraj" failures="0" tests="1" name="com.comcast.crm.orgtest.CreateOrgWithIndustryAndTypeTest" time="25.806" errors="0" timestamp="2024-05-10T10:46:38 IST" skipped="0">
  <testcase classname="com.comcast.crm.orgtest.CreateOrgWithIndustryAndTypeTest" name="createOrgWithIndustryAndType" time="25.806"/>
</testsuite> <!-- com.comcast.crm.orgtest.CreateOrgWithIndustryAndTypeTest -->
