<?xml version="1.0" encoding="UTF-8"?>
<!-- Generated by org.testng.reporters.JUnitReportReporter -->
<testsuite hostname="TYSS-Basavaraj" failures="0" tests="1" name="com.comcast.crm.contacttest.CreateContactWithSupportDate" time="9.945" errors="0" timestamp="2024-05-09T12:38:02 IST" skipped="0">
  <testcase classname="com.comcast.crm.contacttest.CreateContactWithSupportDate" name="createContactWithDate" time="9.945"/>
</testsuite> <!-- com.comcast.crm.contacttest.CreateContactWithSupportDate -->
