<?xml version="1.0" encoding="UTF-8"?>
<!-- Generated by org.testng.reporters.JUnitReportReporter -->
<testsuite hostname="TYSS-Basavaraj" failures="0" tests="1" name="practice.test.ListenersPracticeTest" time="12.909" errors="0" timestamp="2024-05-14T13:31:22 IST" skipped="0">
  <testcase classname="practice.test.ListenersPracticeTest" name="test1" time="12.909">
    <system-out>
      <![CDATA[test1 ==> START
test1 ==> END]]>
    </system-out>
  </testcase> <!-- test1 -->
  <system-out>
    <![CDATA[Login to app
test1 ==> START
test1 ==> END]]>
  </system-out>
</testsuite> <!-- practice.test.ListenersPracticeTest -->
