<?xml version="1.0" encoding="UTF-8"?>
<!-- Generated by org.testng.reporters.JUnitReportReporter -->
<testsuite hostname="TYSS-Basavaraj" failures="0" tests="3" name="practice.test.DataProviderPracticeTest" time="0.005" errors="0" timestamp="2024-05-22T17:47:26 IST" skipped="0">
  <testcase classname="practice.test.DataProviderPracticeTest" name="dataProviderTest" time="0.004"/>
  <testcase classname="practice.test.DataProviderPracticeTest" name="dataProviderTest" time="0.000"/>
  <testcase classname="practice.test.DataProviderPracticeTest" name="dataProviderTest" time="0.001"/>
</testsuite> <!-- practice.test.DataProviderPracticeTest -->
