<?xml version="1.0" encoding="UTF-8"?>
<!-- Generated by org.testng.reporters.JUnitXMLReporter -->
<testsuite ignored="0" hostname="TYSS-Basavaraj" failures="1" tests="2" name="Default test(failed)" time="23.277" errors="0" timestamp="2024-05-14T11:20:51 IST">
  <testcase classname="practice.test.ListenersPracticeTest" name="test1" time="0.01">
    <skipped/>
  </testcase> <!-- test1 -->
  <testcase classname="practice.test.ListenersPracticeTest" name="test1" time="0.008">
    <failure type="java.lang.AssertionError" message="null">
      <![CDATA[java.lang.AssertionError: null
at practice.test.ListenersPracticeTest.test1(ListenersPracticeTest.java:11)
at java.base/java.util.ArrayList.forEach(ArrayList.java:1511)
... Removed 29 stack frames]]>
    </failure>
  </testcase> <!-- test1 -->
</testsuite> <!-- Default test(failed) -->
